Sun Apr 27 14:41:07 MDT 2025
MaxEnt version 3.4.4
Checking header of /home/goodlookin/Bee-Data-Science-Project/PRISM_asc/PRISM_ppt_stable_4kmM3_201101_bil.asc
Checking header of /home/goodlookin/Bee-Data-Science-Project/PRISM_asc/PRISM_ppt_stable_4kmM3_201102_bil.asc
Checking header of /home/goodlookin/Bee-Data-Science-Project/PRISM_asc/PRISM_ppt_stable_4kmM3_201103_bil.asc
Checking header of /home/goodlookin/Bee-Data-Science-Project/PRISM_asc/PRISM_ppt_stable_4kmM3_201104_bil.asc
Checking header of /home/goodlookin/Bee-Data-Science-Project/PRISM_asc/PRISM_ppt_stable_4kmM3_201105_bil.asc
Checking header of /home/goodlookin/Bee-Data-Science-Project/PRISM_asc/PRISM_ppt_stable_4kmM3_201106_bil.asc
Checking header of /home/goodlookin/Bee-Data-Science-Project/PRISM_asc/PRISM_ppt_stable_4kmM3_201107_bil.asc
Checking header of /home/goodlookin/Bee-Data-Science-Project/PRISM_asc/PRISM_ppt_stable_4kmM3_201108_bil.asc
Checking header of /home/goodlookin/Bee-Data-Science-Project/PRISM_asc/PRISM_ppt_stable_4kmM3_201109_bil.asc
Checking header of /home/goodlookin/Bee-Data-Science-Project/PRISM_asc/PRISM_ppt_stable_4kmM3_201110_bil.asc
Checking header of /home/goodlookin/Bee-Data-Science-Project/PRISM_asc/PRISM_ppt_stable_4kmM3_201111_bil.asc
Checking header of /home/goodlookin/Bee-Data-Science-Project/PRISM_asc/PRISM_ppt_stable_4kmM3_201112_bil.asc
Checking header of /home/goodlookin/Bee-Data-Science-Project/PRISM_asc/PRISM_ppt_stable_4kmM3_201301_bil.asc
Checking header of /home/goodlookin/Bee-Data-Science-Project/PRISM_asc/PRISM_ppt_stable_4kmM3_201302_bil.asc
Checking header of /home/goodlookin/Bee-Data-Science-Project/PRISM_asc/PRISM_ppt_stable_4kmM3_201303_bil.asc
Checking header of /home/goodlookin/Bee-Data-Science-Project/PRISM_asc/PRISM_ppt_stable_4kmM3_201304_bil.asc
Checking header of /home/goodlookin/Bee-Data-Science-Project/PRISM_asc/PRISM_ppt_stable_4kmM3_201305_bil.asc
Checking header of /home/goodlookin/Bee-Data-Science-Project/PRISM_asc/PRISM_ppt_stable_4kmM3_201306_bil.asc
Checking header of /home/goodlookin/Bee-Data-Science-Project/PRISM_asc/PRISM_ppt_stable_4kmM3_201307_bil.asc
Checking header of /home/goodlookin/Bee-Data-Science-Project/PRISM_asc/PRISM_ppt_stable_4kmM3_201308_bil.asc
Checking header of /home/goodlookin/Bee-Data-Science-Project/PRISM_asc/PRISM_ppt_stable_4kmM3_201309_bil.asc
Checking header of /home/goodlookin/Bee-Data-Science-Project/PRISM_asc/PRISM_ppt_stable_4kmM3_201310_bil.asc
Checking header of /home/goodlookin/Bee-Data-Science-Project/PRISM_asc/PRISM_ppt_stable_4kmM3_201311_bil.asc
Checking header of /home/goodlookin/Bee-Data-Science-Project/PRISM_asc/PRISM_ppt_stable_4kmM3_201312_bil.asc
Checking header of /home/goodlookin/Bee-Data-Science-Project/PRISM_asc/PRISM_tmean_stable_4kmM3_201101_bil.asc
Checking header of /home/goodlookin/Bee-Data-Science-Project/PRISM_asc/PRISM_tmean_stable_4kmM3_201102_bil.asc
Checking header of /home/goodlookin/Bee-Data-Science-Project/PRISM_asc/PRISM_tmean_stable_4kmM3_201103_bil.asc
Checking header of /home/goodlookin/Bee-Data-Science-Project/PRISM_asc/PRISM_tmean_stable_4kmM3_201104_bil.asc
Checking header of /home/goodlookin/Bee-Data-Science-Project/PRISM_asc/PRISM_tmean_stable_4kmM3_201105_bil.asc
Checking header of /home/goodlookin/Bee-Data-Science-Project/PRISM_asc/PRISM_tmean_stable_4kmM3_201106_bil.asc
Checking header of /home/goodlookin/Bee-Data-Science-Project/PRISM_asc/PRISM_tmean_stable_4kmM3_201107_bil.asc
Checking header of /home/goodlookin/Bee-Data-Science-Project/PRISM_asc/PRISM_tmean_stable_4kmM3_201108_bil.asc
Checking header of /home/goodlookin/Bee-Data-Science-Project/PRISM_asc/PRISM_tmean_stable_4kmM3_201109_bil.asc
Checking header of /home/goodlookin/Bee-Data-Science-Project/PRISM_asc/PRISM_tmean_stable_4kmM3_201110_bil.asc
Checking header of /home/goodlookin/Bee-Data-Science-Project/PRISM_asc/PRISM_tmean_stable_4kmM3_201111_bil.asc
Checking header of /home/goodlookin/Bee-Data-Science-Project/PRISM_asc/PRISM_tmean_stable_4kmM3_201112_bil.asc
Checking header of /home/goodlookin/Bee-Data-Science-Project/PRISM_asc/PRISM_tmean_stable_4kmM3_201301_bil.asc
Checking header of /home/goodlookin/Bee-Data-Science-Project/PRISM_asc/PRISM_tmean_stable_4kmM3_201302_bil.asc
Checking header of /home/goodlookin/Bee-Data-Science-Project/PRISM_asc/PRISM_tmean_stable_4kmM3_201303_bil.asc
Checking header of /home/goodlookin/Bee-Data-Science-Project/PRISM_asc/PRISM_tmean_stable_4kmM3_201304_bil.asc
Checking header of /home/goodlookin/Bee-Data-Science-Project/PRISM_asc/PRISM_tmean_stable_4kmM3_201305_bil.asc
Checking header of /home/goodlookin/Bee-Data-Science-Project/PRISM_asc/PRISM_tmean_stable_4kmM3_201306_bil.asc
Checking header of /home/goodlookin/Bee-Data-Science-Project/PRISM_asc/PRISM_tmean_stable_4kmM3_201307_bil.asc
Checking header of /home/goodlookin/Bee-Data-Science-Project/PRISM_asc/PRISM_tmean_stable_4kmM3_201308_bil.asc
Checking header of /home/goodlookin/Bee-Data-Science-Project/PRISM_asc/PRISM_tmean_stable_4kmM3_201309_bil.asc
Checking header of /home/goodlookin/Bee-Data-Science-Project/PRISM_asc/PRISM_tmean_stable_4kmM3_201310_bil.asc
Checking header of /home/goodlookin/Bee-Data-Science-Project/PRISM_asc/PRISM_tmean_stable_4kmM3_201311_bil.asc
Checking header of /home/goodlookin/Bee-Data-Science-Project/PRISM_asc/PRISM_tmean_stable_4kmM3_201312_bil.asc
Reading samples from maxent_data_10_species_train.csv
Read samples: max memory 17179869184, total allocated 5704253440, free 860614216, used 4843639224, increment 313463432
Warning: interpreting latitude column of sample file as latitude
Reading samples from maxent_data_10_species_test.csv
Read samples: max memory 17179869184, total allocated 5704253440, free 822372976, used 4881880464, increment 38241240
Warning: interpreting latitude column of sample file as latitude
Extractor: max memory 17179869184, total allocated 5704253440, free 1084477472, used 4619775968, increment -262104496
Extracting random background and sample data
Time since start: 1.293
481631 points with values for all grids
Adding samples to background in feature space
Command line used:  samplesfile=maxent_data_full_train.csv environmentallayers=PRISM_asc/ outputdirectory=full_maxent_results
Command line to repeat: java density.MaxEnt nowarnings noprefixes outputdirectory=/home/goodlookin/Bee-Data-Science-Project/results/top_10_species_maxent_results samplesfile=/home/goodlookin/Bee-Data-Science-Project/maxent_data_10_species_train.csv environmentallayers=PRISM_asc/ testsamplesfile=/home/goodlookin/Bee-Data-Science-Project/maxent_data_10_species_test.csv -N PRISM_ppt_stable_4kmM3_200001_bil -N PRISM_ppt_stable_4kmM3_200002_bil -N PRISM_ppt_stable_4kmM3_200003_bil -N PRISM_ppt_stable_4kmM3_200004_bil -N PRISM_ppt_stable_4kmM3_200005_bil -N PRISM_ppt_stable_4kmM3_200006_bil -N PRISM_ppt_stable_4kmM3_200007_bil -N PRISM_ppt_stable_4kmM3_200008_bil -N PRISM_ppt_stable_4kmM3_200009_bil -N PRISM_ppt_stable_4kmM3_200010_bil -N PRISM_ppt_stable_4kmM3_200011_bil -N PRISM_ppt_stable_4kmM3_200012_bil -N PRISM_ppt_stable_4kmM3_200101_bil -N PRISM_ppt_stable_4kmM3_200102_bil -N PRISM_ppt_stable_4kmM3_200103_bil -N PRISM_ppt_stable_4kmM3_200104_bil -N PRISM_ppt_stable_4kmM3_200105_bil -N PRISM_ppt_stable_4kmM3_200106_bil -N PRISM_ppt_stable_4kmM3_200107_bil -N PRISM_ppt_stable_4kmM3_200108_bil -N PRISM_ppt_stable_4kmM3_200109_bil -N PRISM_ppt_stable_4kmM3_200110_bil -N PRISM_ppt_stable_4kmM3_200111_bil -N PRISM_ppt_stable_4kmM3_200112_bil -N PRISM_ppt_stable_4kmM3_200201_bil -N PRISM_ppt_stable_4kmM3_200202_bil -N PRISM_ppt_stable_4kmM3_200203_bil -N PRISM_ppt_stable_4kmM3_200204_bil -N PRISM_ppt_stable_4kmM3_200205_bil -N PRISM_ppt_stable_4kmM3_200206_bil -N PRISM_ppt_stable_4kmM3_200207_bil -N PRISM_ppt_stable_4kmM3_200208_bil -N PRISM_ppt_stable_4kmM3_200209_bil -N PRISM_ppt_stable_4kmM3_200210_bil -N PRISM_ppt_stable_4kmM3_200211_bil -N PRISM_ppt_stable_4kmM3_200212_bil -N PRISM_ppt_stable_4kmM3_200301_bil -N PRISM_ppt_stable_4kmM3_200302_bil -N PRISM_ppt_stable_4kmM3_200303_bil -N PRISM_ppt_stable_4kmM3_200304_bil -N PRISM_ppt_stable_4kmM3_200305_bil -N PRISM_ppt_stable_4kmM3_200306_bil -N PRISM_ppt_stable_4kmM3_200307_bil -N PRISM_ppt_stable_4kmM3_200308_bil -N PRISM_ppt_stable_4kmM3_200309_bil -N PRISM_ppt_stable_4kmM3_200310_bil -N PRISM_ppt_stable_4kmM3_200311_bil -N PRISM_ppt_stable_4kmM3_200312_bil -N PRISM_ppt_stable_4kmM3_200401_bil -N PRISM_ppt_stable_4kmM3_200402_bil -N PRISM_ppt_stable_4kmM3_200403_bil -N PRISM_ppt_stable_4kmM3_200404_bil -N PRISM_ppt_stable_4kmM3_200405_bil -N PRISM_ppt_stable_4kmM3_200406_bil -N PRISM_ppt_stable_4kmM3_200407_bil -N PRISM_ppt_stable_4kmM3_200408_bil -N PRISM_ppt_stable_4kmM3_200409_bil -N PRISM_ppt_stable_4kmM3_200410_bil -N PRISM_ppt_stable_4kmM3_200411_bil -N PRISM_ppt_stable_4kmM3_200412_bil -N PRISM_ppt_stable_4kmM3_200501_bil -N PRISM_ppt_stable_4kmM3_200502_bil -N PRISM_ppt_stable_4kmM3_200503_bil -N PRISM_ppt_stable_4kmM3_200504_bil -N PRISM_ppt_stable_4kmM3_200505_bil -N PRISM_ppt_stable_4kmM3_200506_bil -N PRISM_ppt_stable_4kmM3_200507_bil -N PRISM_ppt_stable_4kmM3_200508_bil -N PRISM_ppt_stable_4kmM3_200509_bil -N PRISM_ppt_stable_4kmM3_200510_bil -N PRISM_ppt_stable_4kmM3_200511_bil -N PRISM_ppt_stable_4kmM3_200512_bil -N PRISM_ppt_stable_4kmM3_200601_bil -N PRISM_ppt_stable_4kmM3_200602_bil -N PRISM_ppt_stable_4kmM3_200603_bil -N PRISM_ppt_stable_4kmM3_200604_bil -N PRISM_ppt_stable_4kmM3_200605_bil -N PRISM_ppt_stable_4kmM3_200606_bil -N PRISM_ppt_stable_4kmM3_200607_bil -N PRISM_ppt_stable_4kmM3_200608_bil -N PRISM_ppt_stable_4kmM3_200609_bil -N PRISM_ppt_stable_4kmM3_200610_bil -N PRISM_ppt_stable_4kmM3_200611_bil -N PRISM_ppt_stable_4kmM3_200612_bil -N PRISM_ppt_stable_4kmM3_200701_bil -N PRISM_ppt_stable_4kmM3_200702_bil -N PRISM_ppt_stable_4kmM3_200703_bil -N PRISM_ppt_stable_4kmM3_200704_bil -N PRISM_ppt_stable_4kmM3_200705_bil -N PRISM_ppt_stable_4kmM3_200706_bil -N PRISM_ppt_stable_4kmM3_200707_bil -N PRISM_ppt_stable_4kmM3_200708_bil -N PRISM_ppt_stable_4kmM3_200709_bil -N PRISM_ppt_stable_4kmM3_200710_bil -N PRISM_ppt_stable_4kmM3_200711_bil -N PRISM_ppt_stable_4kmM3_200712_bil -N PRISM_ppt_stable_4kmM3_200801_bil -N PRISM_ppt_stable_4kmM3_200802_bil -N PRISM_ppt_stable_4kmM3_200803_bil -N PRISM_ppt_stable_4kmM3_200804_bil -N PRISM_ppt_stable_4kmM3_200805_bil -N PRISM_ppt_stable_4kmM3_200806_bil -N PRISM_ppt_stable_4kmM3_200807_bil -N PRISM_ppt_stable_4kmM3_200808_bil -N PRISM_ppt_stable_4kmM3_200809_bil -N PRISM_ppt_stable_4kmM3_200810_bil -N PRISM_ppt_stable_4kmM3_200811_bil -N PRISM_ppt_stable_4kmM3_200812_bil -N PRISM_ppt_stable_4kmM3_200901_bil -N PRISM_ppt_stable_4kmM3_200902_bil -N PRISM_ppt_stable_4kmM3_200903_bil -N PRISM_ppt_stable_4kmM3_200904_bil -N PRISM_ppt_stable_4kmM3_200905_bil -N PRISM_ppt_stable_4kmM3_200906_bil -N PRISM_ppt_stable_4kmM3_200907_bil -N PRISM_ppt_stable_4kmM3_200908_bil -N PRISM_ppt_stable_4kmM3_200909_bil -N PRISM_ppt_stable_4kmM3_200910_bil -N PRISM_ppt_stable_4kmM3_200911_bil -N PRISM_ppt_stable_4kmM3_200912_bil -N PRISM_ppt_stable_4kmM3_201001_bil -N PRISM_ppt_stable_4kmM3_201002_bil -N PRISM_ppt_stable_4kmM3_201003_bil -N PRISM_ppt_stable_4kmM3_201004_bil -N PRISM_ppt_stable_4kmM3_201005_bil -N PRISM_ppt_stable_4kmM3_201006_bil -N PRISM_ppt_stable_4kmM3_201007_bil -N PRISM_ppt_stable_4kmM3_201008_bil -N PRISM_ppt_stable_4kmM3_201009_bil -N PRISM_ppt_stable_4kmM3_201010_bil -N PRISM_ppt_stable_4kmM3_201011_bil -N PRISM_ppt_stable_4kmM3_201012_bil -N PRISM_ppt_stable_4kmM3_201201_bil -N PRISM_ppt_stable_4kmM3_201202_bil -N PRISM_ppt_stable_4kmM3_201203_bil -N PRISM_ppt_stable_4kmM3_201204_bil -N PRISM_ppt_stable_4kmM3_201205_bil -N PRISM_ppt_stable_4kmM3_201206_bil -N PRISM_ppt_stable_4kmM3_201207_bil -N PRISM_ppt_stable_4kmM3_201208_bil -N PRISM_ppt_stable_4kmM3_201209_bil -N PRISM_ppt_stable_4kmM3_201210_bil -N PRISM_ppt_stable_4kmM3_201211_bil -N PRISM_ppt_stable_4kmM3_201212_bil -N PRISM_ppt_stable_4kmM3_201401_bil -N PRISM_ppt_stable_4kmM3_201402_bil -N PRISM_ppt_stable_4kmM3_201403_bil -N PRISM_ppt_stable_4kmM3_201404_bil -N PRISM_ppt_stable_4kmM3_201405_bil -N PRISM_ppt_stable_4kmM3_201406_bil -N PRISM_ppt_stable_4kmM3_201407_bil -N PRISM_ppt_stable_4kmM3_201408_bil -N PRISM_ppt_stable_4kmM3_201409_bil -N PRISM_ppt_stable_4kmM3_201410_bil -N PRISM_ppt_stable_4kmM3_201411_bil -N PRISM_ppt_stable_4kmM3_201412_bil -N PRISM_ppt_stable_4kmM3_201501_bil -N PRISM_ppt_stable_4kmM3_201502_bil -N PRISM_ppt_stable_4kmM3_201503_bil -N PRISM_ppt_stable_4kmM3_201504_bil -N PRISM_ppt_stable_4kmM3_201505_bil -N PRISM_ppt_stable_4kmM3_201506_bil -N PRISM_ppt_stable_4kmM3_201507_bil -N PRISM_ppt_stable_4kmM3_201508_bil -N PRISM_ppt_stable_4kmM3_201509_bil -N PRISM_ppt_stable_4kmM3_201510_bil -N PRISM_ppt_stable_4kmM3_201511_bil -N PRISM_ppt_stable_4kmM3_201512_bil -N PRISM_ppt_stable_4kmM3_201601_bil -N PRISM_ppt_stable_4kmM3_201602_bil -N PRISM_ppt_stable_4kmM3_201603_bil -N PRISM_ppt_stable_4kmM3_201604_bil -N PRISM_ppt_stable_4kmM3_201605_bil -N PRISM_ppt_stable_4kmM3_201606_bil -N PRISM_ppt_stable_4kmM3_201607_bil -N PRISM_ppt_stable_4kmM3_201608_bil -N PRISM_ppt_stable_4kmM3_201609_bil -N PRISM_ppt_stable_4kmM3_201610_bil -N PRISM_ppt_stable_4kmM3_201611_bil -N PRISM_ppt_stable_4kmM3_201612_bil -N PRISM_ppt_stable_4kmM3_201701_bil -N PRISM_ppt_stable_4kmM3_201702_bil -N PRISM_ppt_stable_4kmM3_201703_bil -N PRISM_ppt_stable_4kmM3_201704_bil -N PRISM_ppt_stable_4kmM3_201705_bil -N PRISM_ppt_stable_4kmM3_201706_bil -N PRISM_ppt_stable_4kmM3_201707_bil -N PRISM_ppt_stable_4kmM3_201708_bil -N PRISM_ppt_stable_4kmM3_201709_bil -N PRISM_ppt_stable_4kmM3_201710_bil -N PRISM_ppt_stable_4kmM3_201711_bil -N PRISM_ppt_stable_4kmM3_201712_bil -N PRISM_ppt_stable_4kmM3_201801_bil -N PRISM_ppt_stable_4kmM3_201802_bil -N PRISM_ppt_stable_4kmM3_201803_bil -N PRISM_ppt_stable_4kmM3_201804_bil -N PRISM_ppt_stable_4kmM3_201805_bil -N PRISM_ppt_stable_4kmM3_201806_bil -N PRISM_ppt_stable_4kmM3_201807_bil -N PRISM_ppt_stable_4kmM3_201808_bil -N PRISM_ppt_stable_4kmM3_201809_bil -N PRISM_ppt_stable_4kmM3_201810_bil -N PRISM_ppt_stable_4kmM3_201811_bil -N PRISM_ppt_stable_4kmM3_201812_bil -N PRISM_ppt_stable_4kmM3_202001_bil -N PRISM_ppt_stable_4kmM3_202002_bil -N PRISM_ppt_stable_4kmM3_202003_bil -N PRISM_ppt_stable_4kmM3_202004_bil -N PRISM_ppt_stable_4kmM3_202005_bil -N PRISM_ppt_stable_4kmM3_202006_bil -N PRISM_ppt_stable_4kmM3_202007_bil -N PRISM_ppt_stable_4kmM3_202008_bil -N PRISM_ppt_stable_4kmM3_202009_bil -N PRISM_ppt_stable_4kmM3_202010_bil -N PRISM_ppt_stable_4kmM3_202011_bil -N PRISM_ppt_stable_4kmM3_202012_bil -N PRISM_ppt_stable_4kmM3_202101_bil -N PRISM_ppt_stable_4kmM3_202102_bil -N PRISM_ppt_stable_4kmM3_202103_bil -N PRISM_ppt_stable_4kmM3_202104_bil -N PRISM_ppt_stable_4kmM3_202105_bil -N PRISM_ppt_stable_4kmM3_202106_bil -N PRISM_ppt_stable_4kmM3_202107_bil -N PRISM_ppt_stable_4kmM3_202108_bil -N PRISM_ppt_stable_4kmM3_202109_bil -N PRISM_ppt_stable_4kmM3_202110_bil -N PRISM_ppt_stable_4kmM3_202111_bil -N PRISM_ppt_stable_4kmM3_202112_bil -N PRISM_ppt_stable_4kmM3_202201_bil -N PRISM_ppt_stable_4kmM3_202202_bil -N PRISM_ppt_stable_4kmM3_202203_bil -N PRISM_ppt_stable_4kmM3_202204_bil -N PRISM_ppt_stable_4kmM3_202205_bil -N PRISM_ppt_stable_4kmM3_202206_bil -N PRISM_ppt_stable_4kmM3_202207_bil -N PRISM_ppt_stable_4kmM3_202208_bil -N PRISM_ppt_stable_4kmM3_202209_bil -N PRISM_ppt_stable_4kmM3_202210_bil -N PRISM_ppt_stable_4kmM3_202211_bil -N PRISM_ppt_stable_4kmM3_202212_bil -N PRISM_ppt_stable_4kmM3_202301_bil -N PRISM_ppt_stable_4kmM3_202302_bil -N PRISM_ppt_stable_4kmM3_202303_bil -N PRISM_ppt_stable_4kmM3_202304_bil -N PRISM_ppt_stable_4kmM3_202305_bil -N PRISM_ppt_stable_4kmM3_202306_bil -N PRISM_ppt_stable_4kmM3_202307_bil -N PRISM_ppt_stable_4kmM3_202308_bil -N PRISM_ppt_stable_4kmM3_202309_bil -N PRISM_ppt_stable_4kmM3_202310_bil -N PRISM_ppt_stable_4kmM3_202311_bil -N PRISM_ppt_stable_4kmM3_202312_bil -N PRISM_ppt_stable_4kmM3_202401_bil -N PRISM_ppt_stable_4kmM3_202402_bil -N PRISM_ppt_stable_4kmM3_202403_bil -N PRISM_ppt_stable_4kmM3_202404_bil -N PRISM_ppt_stable_4kmM3_202405_bil -N PRISM_ppt_stable_4kmM3_202406_bil -N PRISM_ppt_stable_4kmM3_202407_bil -N PRISM_ppt_stable_4kmM3_202408_bil -N PRISM_ppt_stable_4kmM3_202409_bil -N PRISM_tmean_stable_4kmM3_200001_bil -N PRISM_tmean_stable_4kmM3_200002_bil -N PRISM_tmean_stable_4kmM3_200003_bil -N PRISM_tmean_stable_4kmM3_200004_bil -N PRISM_tmean_stable_4kmM3_200005_bil -N PRISM_tmean_stable_4kmM3_200006_bil -N PRISM_tmean_stable_4kmM3_200007_bil -N PRISM_tmean_stable_4kmM3_200008_bil -N PRISM_tmean_stable_4kmM3_200009_bil -N PRISM_tmean_stable_4kmM3_200010_bil -N PRISM_tmean_stable_4kmM3_200011_bil -N PRISM_tmean_stable_4kmM3_200012_bil -N PRISM_tmean_stable_4kmM3_200101_bil -N PRISM_tmean_stable_4kmM3_200102_bil -N PRISM_tmean_stable_4kmM3_200103_bil -N PRISM_tmean_stable_4kmM3_200104_bil -N PRISM_tmean_stable_4kmM3_200105_bil -N PRISM_tmean_stable_4kmM3_200106_bil -N PRISM_tmean_stable_4kmM3_200107_bil -N PRISM_tmean_stable_4kmM3_200108_bil -N PRISM_tmean_stable_4kmM3_200109_bil -N PRISM_tmean_stable_4kmM3_200110_bil -N PRISM_tmean_stable_4kmM3_200111_bil -N PRISM_tmean_stable_4kmM3_200112_bil -N PRISM_tmean_stable_4kmM3_200201_bil -N PRISM_tmean_stable_4kmM3_200202_bil -N PRISM_tmean_stable_4kmM3_200203_bil -N PRISM_tmean_stable_4kmM3_200204_bil -N PRISM_tmean_stable_4kmM3_200205_bil -N PRISM_tmean_stable_4kmM3_200206_bil -N PRISM_tmean_stable_4kmM3_200207_bil -N PRISM_tmean_stable_4kmM3_200208_bil -N PRISM_tmean_stable_4kmM3_200209_bil -N PRISM_tmean_stable_4kmM3_200210_bil -N PRISM_tmean_stable_4kmM3_200211_bil -N PRISM_tmean_stable_4kmM3_200212_bil -N PRISM_tmean_stable_4kmM3_200301_bil -N PRISM_tmean_stable_4kmM3_200302_bil -N PRISM_tmean_stable_4kmM3_200303_bil -N PRISM_tmean_stable_4kmM3_200304_bil -N PRISM_tmean_stable_4kmM3_200305_bil -N PRISM_tmean_stable_4kmM3_200306_bil -N PRISM_tmean_stable_4kmM3_200307_bil -N PRISM_tmean_stable_4kmM3_200308_bil -N PRISM_tmean_stable_4kmM3_200309_bil -N PRISM_tmean_stable_4kmM3_200310_bil -N PRISM_tmean_stable_4kmM3_200311_bil -N PRISM_tmean_stable_4kmM3_200312_bil -N PRISM_tmean_stable_4kmM3_200401_bil -N PRISM_tmean_stable_4kmM3_200402_bil -N PRISM_tmean_stable_4kmM3_200403_bil -N PRISM_tmean_stable_4kmM3_200404_bil -N PRISM_tmean_stable_4kmM3_200405_bil -N PRISM_tmean_stable_4kmM3_200406_bil -N PRISM_tmean_stable_4kmM3_200407_bil -N PRISM_tmean_stable_4kmM3_200408_bil -N PRISM_tmean_stable_4kmM3_200409_bil -N PRISM_tmean_stable_4kmM3_200410_bil -N PRISM_tmean_stable_4kmM3_200411_bil -N PRISM_tmean_stable_4kmM3_200412_bil -N PRISM_tmean_stable_4kmM3_200501_bil -N PRISM_tmean_stable_4kmM3_200502_bil -N PRISM_tmean_stable_4kmM3_200503_bil -N PRISM_tmean_stable_4kmM3_200504_bil -N PRISM_tmean_stable_4kmM3_200505_bil -N PRISM_tmean_stable_4kmM3_200506_bil -N PRISM_tmean_stable_4kmM3_200507_bil -N PRISM_tmean_stable_4kmM3_200508_bil -N PRISM_tmean_stable_4kmM3_200509_bil -N PRISM_tmean_stable_4kmM3_200510_bil -N PRISM_tmean_stable_4kmM3_200511_bil -N PRISM_tmean_stable_4kmM3_200512_bil -N PRISM_tmean_stable_4kmM3_200601_bil -N PRISM_tmean_stable_4kmM3_200602_bil -N PRISM_tmean_stable_4kmM3_200603_bil -N PRISM_tmean_stable_4kmM3_200604_bil -N PRISM_tmean_stable_4kmM3_200605_bil -N PRISM_tmean_stable_4kmM3_200606_bil -N PRISM_tmean_stable_4kmM3_200607_bil -N PRISM_tmean_stable_4kmM3_200608_bil -N PRISM_tmean_stable_4kmM3_200609_bil -N PRISM_tmean_stable_4kmM3_200610_bil -N PRISM_tmean_stable_4kmM3_200611_bil -N PRISM_tmean_stable_4kmM3_200612_bil -N PRISM_tmean_stable_4kmM3_200701_bil -N PRISM_tmean_stable_4kmM3_200702_bil -N PRISM_tmean_stable_4kmM3_200703_bil -N PRISM_tmean_stable_4kmM3_200704_bil -N PRISM_tmean_stable_4kmM3_200705_bil -N PRISM_tmean_stable_4kmM3_200706_bil -N PRISM_tmean_stable_4kmM3_200707_bil -N PRISM_tmean_stable_4kmM3_200708_bil -N PRISM_tmean_stable_4kmM3_200709_bil -N PRISM_tmean_stable_4kmM3_200710_bil -N PRISM_tmean_stable_4kmM3_200711_bil -N PRISM_tmean_stable_4kmM3_200712_bil -N PRISM_tmean_stable_4kmM3_200801_bil -N PRISM_tmean_stable_4kmM3_200802_bil -N PRISM_tmean_stable_4kmM3_200803_bil -N PRISM_tmean_stable_4kmM3_200804_bil -N PRISM_tmean_stable_4kmM3_200805_bil -N PRISM_tmean_stable_4kmM3_200806_bil -N PRISM_tmean_stable_4kmM3_200807_bil -N PRISM_tmean_stable_4kmM3_200808_bil -N PRISM_tmean_stable_4kmM3_200809_bil -N PRISM_tmean_stable_4kmM3_200810_bil -N PRISM_tmean_stable_4kmM3_200811_bil -N PRISM_tmean_stable_4kmM3_200812_bil -N PRISM_tmean_stable_4kmM3_200901_bil -N PRISM_tmean_stable_4kmM3_200902_bil -N PRISM_tmean_stable_4kmM3_200903_bil -N PRISM_tmean_stable_4kmM3_200904_bil -N PRISM_tmean_stable_4kmM3_200905_bil -N PRISM_tmean_stable_4kmM3_200906_bil -N PRISM_tmean_stable_4kmM3_200907_bil -N PRISM_tmean_stable_4kmM3_200908_bil -N PRISM_tmean_stable_4kmM3_200909_bil -N PRISM_tmean_stable_4kmM3_200910_bil -N PRISM_tmean_stable_4kmM3_200911_bil -N PRISM_tmean_stable_4kmM3_200912_bil -N PRISM_tmean_stable_4kmM3_201001_bil -N PRISM_tmean_stable_4kmM3_201002_bil -N PRISM_tmean_stable_4kmM3_201003_bil -N PRISM_tmean_stable_4kmM3_201004_bil -N PRISM_tmean_stable_4kmM3_201005_bil -N PRISM_tmean_stable_4kmM3_201006_bil -N PRISM_tmean_stable_4kmM3_201007_bil -N PRISM_tmean_stable_4kmM3_201008_bil -N PRISM_tmean_stable_4kmM3_201009_bil -N PRISM_tmean_stable_4kmM3_201010_bil -N PRISM_tmean_stable_4kmM3_201011_bil -N PRISM_tmean_stable_4kmM3_201012_bil -N PRISM_tmean_stable_4kmM3_201201_bil -N PRISM_tmean_stable_4kmM3_201202_bil -N PRISM_tmean_stable_4kmM3_201203_bil -N PRISM_tmean_stable_4kmM3_201204_bil -N PRISM_tmean_stable_4kmM3_201205_bil -N PRISM_tmean_stable_4kmM3_201206_bil -N PRISM_tmean_stable_4kmM3_201207_bil -N PRISM_tmean_stable_4kmM3_201208_bil -N PRISM_tmean_stable_4kmM3_201209_bil -N PRISM_tmean_stable_4kmM3_201210_bil -N PRISM_tmean_stable_4kmM3_201211_bil -N PRISM_tmean_stable_4kmM3_201212_bil -N PRISM_tmean_stable_4kmM3_201401_bil -N PRISM_tmean_stable_4kmM3_201402_bil -N PRISM_tmean_stable_4kmM3_201403_bil -N PRISM_tmean_stable_4kmM3_201404_bil -N PRISM_tmean_stable_4kmM3_201405_bil -N PRISM_tmean_stable_4kmM3_201406_bil -N PRISM_tmean_stable_4kmM3_201407_bil -N PRISM_tmean_stable_4kmM3_201408_bil -N PRISM_tmean_stable_4kmM3_201409_bil -N PRISM_tmean_stable_4kmM3_201410_bil -N PRISM_tmean_stable_4kmM3_201411_bil -N PRISM_tmean_stable_4kmM3_201412_bil -N PRISM_tmean_stable_4kmM3_201501_bil -N PRISM_tmean_stable_4kmM3_201502_bil -N PRISM_tmean_stable_4kmM3_201503_bil -N PRISM_tmean_stable_4kmM3_201504_bil -N PRISM_tmean_stable_4kmM3_201505_bil -N PRISM_tmean_stable_4kmM3_201506_bil -N PRISM_tmean_stable_4kmM3_201507_bil -N PRISM_tmean_stable_4kmM3_201508_bil -N PRISM_tmean_stable_4kmM3_201509_bil -N PRISM_tmean_stable_4kmM3_201510_bil -N PRISM_tmean_stable_4kmM3_201511_bil -N PRISM_tmean_stable_4kmM3_201512_bil -N PRISM_tmean_stable_4kmM3_201601_bil -N PRISM_tmean_stable_4kmM3_201602_bil -N PRISM_tmean_stable_4kmM3_201603_bil -N PRISM_tmean_stable_4kmM3_201604_bil -N PRISM_tmean_stable_4kmM3_201605_bil -N PRISM_tmean_stable_4kmM3_201606_bil -N PRISM_tmean_stable_4kmM3_201607_bil -N PRISM_tmean_stable_4kmM3_201608_bil -N PRISM_tmean_stable_4kmM3_201609_bil -N PRISM_tmean_stable_4kmM3_201610_bil -N PRISM_tmean_stable_4kmM3_201611_bil -N PRISM_tmean_stable_4kmM3_201612_bil -N PRISM_tmean_stable_4kmM3_201701_bil -N PRISM_tmean_stable_4kmM3_201702_bil -N PRISM_tmean_stable_4kmM3_201703_bil -N PRISM_tmean_stable_4kmM3_201704_bil -N PRISM_tmean_stable_4kmM3_201705_bil -N PRISM_tmean_stable_4kmM3_201706_bil -N PRISM_tmean_stable_4kmM3_201707_bil -N PRISM_tmean_stable_4kmM3_201708_bil -N PRISM_tmean_stable_4kmM3_201709_bil -N PRISM_tmean_stable_4kmM3_201710_bil -N PRISM_tmean_stable_4kmM3_201711_bil -N PRISM_tmean_stable_4kmM3_201712_bil -N PRISM_tmean_stable_4kmM3_201801_bil -N PRISM_tmean_stable_4kmM3_201802_bil -N PRISM_tmean_stable_4kmM3_201803_bil -N PRISM_tmean_stable_4kmM3_201804_bil -N PRISM_tmean_stable_4kmM3_201805_bil -N PRISM_tmean_stable_4kmM3_201806_bil -N PRISM_tmean_stable_4kmM3_201807_bil -N PRISM_tmean_stable_4kmM3_201808_bil -N PRISM_tmean_stable_4kmM3_201809_bil -N PRISM_tmean_stable_4kmM3_201810_bil -N PRISM_tmean_stable_4kmM3_201811_bil -N PRISM_tmean_stable_4kmM3_201812_bil -N PRISM_tmean_stable_4kmM3_202001_bil -N PRISM_tmean_stable_4kmM3_202002_bil -N PRISM_tmean_stable_4kmM3_202003_bil -N PRISM_tmean_stable_4kmM3_202004_bil -N PRISM_tmean_stable_4kmM3_202005_bil -N PRISM_tmean_stable_4kmM3_202006_bil -N PRISM_tmean_stable_4kmM3_202007_bil -N PRISM_tmean_stable_4kmM3_202008_bil -N PRISM_tmean_stable_4kmM3_202009_bil -N PRISM_tmean_stable_4kmM3_202010_bil -N PRISM_tmean_stable_4kmM3_202011_bil -N PRISM_tmean_stable_4kmM3_202012_bil -N PRISM_tmean_stable_4kmM3_202101_bil -N PRISM_tmean_stable_4kmM3_202102_bil -N PRISM_tmean_stable_4kmM3_202103_bil -N PRISM_tmean_stable_4kmM3_202104_bil -N PRISM_tmean_stable_4kmM3_202105_bil -N PRISM_tmean_stable_4kmM3_202106_bil -N PRISM_tmean_stable_4kmM3_202107_bil -N PRISM_tmean_stable_4kmM3_202108_bil -N PRISM_tmean_stable_4kmM3_202109_bil -N PRISM_tmean_stable_4kmM3_202110_bil -N PRISM_tmean_stable_4kmM3_202111_bil -N PRISM_tmean_stable_4kmM3_202112_bil -N PRISM_tmean_stable_4kmM3_202201_bil -N PRISM_tmean_stable_4kmM3_202202_bil -N PRISM_tmean_stable_4kmM3_202203_bil -N PRISM_tmean_stable_4kmM3_202204_bil -N PRISM_tmean_stable_4kmM3_202205_bil -N PRISM_tmean_stable_4kmM3_202206_bil -N PRISM_tmean_stable_4kmM3_202207_bil -N PRISM_tmean_stable_4kmM3_202208_bil -N PRISM_tmean_stable_4kmM3_202209_bil -N PRISM_tmean_stable_4kmM3_202210_bil -N PRISM_tmean_stable_4kmM3_202211_bil -N PRISM_tmean_stable_4kmM3_202212_bil -N PRISM_tmean_stable_4kmM3_202301_bil -N PRISM_tmean_stable_4kmM3_202302_bil -N PRISM_tmean_stable_4kmM3_202303_bil -N PRISM_tmean_stable_4kmM3_202304_bil -N PRISM_tmean_stable_4kmM3_202305_bil -N PRISM_tmean_stable_4kmM3_202306_bil -N PRISM_tmean_stable_4kmM3_202307_bil -N PRISM_tmean_stable_4kmM3_202308_bil -N PRISM_tmean_stable_4kmM3_202309_bil -N PRISM_tmean_stable_4kmM3_202310_bil -N PRISM_tmean_stable_4kmM3_202311_bil -N PRISM_tmean_stable_4kmM3_202312_bil -N PRISM_tmean_stable_4kmM3_202401_bil -N PRISM_tmean_stable_4kmM3_202402_bil -N PRISM_tmean_stable_4kmM3_202403_bil -N PRISM_tmean_stable_4kmM3_202404_bil -N PRISM_tmean_stable_4kmM3_202405_bil -N PRISM_tmean_stable_4kmM3_202406_bil -N PRISM_tmean_stable_4kmM3_202407_bil -N PRISM_tmean_stable_4kmM3_202408_bil -N PRISM_tmean_stable_4kmM3_202409_bil
Species: Agapostemon_splendens Agapostemon_virescens Andrena_erigeniae Apis_mellifera Augochlorella_aurata Bombus_impatiens Ceratina_calcarata Halictus_tripartitus Lasioglossum_pilosum Lasioglossum_versatum
Layers: PRISM_ppt_stable_4kmM3_201101_bil PRISM_ppt_stable_4kmM3_201102_bil PRISM_ppt_stable_4kmM3_201103_bil PRISM_ppt_stable_4kmM3_201104_bil PRISM_ppt_stable_4kmM3_201105_bil PRISM_ppt_stable_4kmM3_201106_bil PRISM_ppt_stable_4kmM3_201107_bil PRISM_ppt_stable_4kmM3_201108_bil PRISM_ppt_stable_4kmM3_201109_bil PRISM_ppt_stable_4kmM3_201110_bil PRISM_ppt_stable_4kmM3_201111_bil PRISM_ppt_stable_4kmM3_201112_bil PRISM_ppt_stable_4kmM3_201301_bil PRISM_ppt_stable_4kmM3_201302_bil PRISM_ppt_stable_4kmM3_201303_bil PRISM_ppt_stable_4kmM3_201304_bil PRISM_ppt_stable_4kmM3_201305_bil PRISM_ppt_stable_4kmM3_201306_bil PRISM_ppt_stable_4kmM3_201307_bil PRISM_ppt_stable_4kmM3_201308_bil PRISM_ppt_stable_4kmM3_201309_bil PRISM_ppt_stable_4kmM3_201310_bil PRISM_ppt_stable_4kmM3_201311_bil PRISM_ppt_stable_4kmM3_201312_bil PRISM_tmean_stable_4kmM3_201101_bil PRISM_tmean_stable_4kmM3_201102_bil PRISM_tmean_stable_4kmM3_201103_bil PRISM_tmean_stable_4kmM3_201104_bil PRISM_tmean_stable_4kmM3_201105_bil PRISM_tmean_stable_4kmM3_201106_bil PRISM_tmean_stable_4kmM3_201107_bil PRISM_tmean_stable_4kmM3_201108_bil PRISM_tmean_stable_4kmM3_201109_bil PRISM_tmean_stable_4kmM3_201110_bil PRISM_tmean_stable_4kmM3_201111_bil PRISM_tmean_stable_4kmM3_201112_bil PRISM_tmean_stable_4kmM3_201301_bil PRISM_tmean_stable_4kmM3_201302_bil PRISM_tmean_stable_4kmM3_201303_bil PRISM_tmean_stable_4kmM3_201304_bil PRISM_tmean_stable_4kmM3_201305_bil PRISM_tmean_stable_4kmM3_201306_bil PRISM_tmean_stable_4kmM3_201307_bil PRISM_tmean_stable_4kmM3_201308_bil PRISM_tmean_stable_4kmM3_201309_bil PRISM_tmean_stable_4kmM3_201310_bil PRISM_tmean_stable_4kmM3_201311_bil PRISM_tmean_stable_4kmM3_201312_bil
Layertypes: Continuous Continuous Continuous Continuous Continuous Continuous Continuous Continuous Continuous Continuous Continuous Continuous Continuous Continuous Continuous Continuous Continuous Continuous Continuous Continuous Continuous Continuous Continuous Continuous Continuous Continuous Continuous Continuous Continuous Continuous Continuous Continuous Continuous Continuous Continuous Continuous Continuous Continuous Continuous Continuous Continuous Continuous Continuous Continuous Continuous Continuous Continuous Continuous
outputdirectory: /home/goodlookin/Bee-Data-Science-Project/results/top_10_species_maxent_results
samplesfile: /home/goodlookin/Bee-Data-Science-Project/maxent_data_10_species_train.csv
environmentallayers: PRISM_asc/
testsamplesfile: /home/goodlookin/Bee-Data-Science-Project/maxent_data_10_species_test.csv

getSamples: max memory 17179869184, total allocated 5704253440, free 597284456, used 5106968984, increment 487193016
Making features
makeFeatures: max memory 17179869184, total allocated 5704253440, free 517084128, used 5187169312, increment 80200328
Agapostemon_splendens: 
Regularization values: linear/quadratic/product: 0.050, categorical: 0.250, threshold: 1.000, hinge: 0.500
158 samples
Density: max memory 17179869184, total allocated 5704253440, free 441688280, used 5262565160, increment 75395848
linearPredictor: max memory 17179869184, total allocated 5704253440, free 441688280, used 5262565160, increment 0
FeaturedSpace: max memory 17179869184, total allocated 5704253440, free 441688280, used 5262565160, increment 0
Sequential: max memory 17179869184, total allocated 5704253440, free 441688280, used 5262565160, increment 0
Initial loss: 9.225426009394223
Time since start: 2.339
Initial test loss: 9.225426009394223
Time since start: 19.192
500: time = 16.725000 loss = 6.427069 testLoss 6.306210
Resulting gain: 2.798356641619044
Projecting...
Writing file /home/goodlookin/Bee-Data-Science-Project/results/top_10_species_maxent_results/Agapostemon_splendens.asc
Time since start: 22.079
Writing /home/goodlookin/Bee-Data-Science-Project/results/top_10_species_maxent_results/plots/Agapostemon_splendens.png
Time since start: 25.002
getSamples: max memory 17179869184, total allocated 3858759680, free 2177167400, used 1681592280, increment -3580972880
Making features
makeFeatures: max memory 17179869184, total allocated 3858759680, free 2072293944, used 1786465736, increment 104873456
Agapostemon_virescens: 
Regularization values: linear/quadratic/product: 0.050, categorical: 0.250, threshold: 1.000, hinge: 0.500
510 samples
Density: max memory 17179869184, total allocated 3858759680, free 1992618024, used 1866141656, increment 79675920
linearPredictor: max memory 17179869184, total allocated 3858759680, free 1992618024, used 1866141656, increment 0
FeaturedSpace: max memory 17179869184, total allocated 3858759680, free 1992618024, used 1866141656, increment 0
Sequential: max memory 17179869184, total allocated 3858759680, free 1992618024, used 1866141656, increment 0
Initial loss: 9.258844781035798
Initial test loss: 9.258844781035798
Time since start: 43.623
500: time = 17.603000 loss = 7.341750 testLoss 7.041976
Resulting gain: 1.9170949203965657
Projecting...
Writing file /home/goodlookin/Bee-Data-Science-Project/results/top_10_species_maxent_results/Agapostemon_virescens.asc
Time since start: 46.643
Writing /home/goodlookin/Bee-Data-Science-Project/results/top_10_species_maxent_results/plots/Agapostemon_virescens.png
Time since start: 49.933
getSamples: max memory 17179869184, total allocated 3858759680, free 2591180904, used 1267578776, increment -598562880
Making features
makeFeatures: max memory 17179869184, total allocated 3858759680, free 2490457288, used 1368302392, increment 100723616
Andrena_erigeniae: 
Regularization values: linear/quadratic/product: 0.050, categorical: 0.250, threshold: 1.000, hinge: 0.500
191 samples
Density: max memory 17179869184, total allocated 3858759680, free 2410825832, used 1447933848, increment 79631456
linearPredictor: max memory 17179869184, total allocated 3858759680, free 2410825832, used 1447933848, increment 0
FeaturedSpace: max memory 17179869184, total allocated 3858759680, free 2410825832, used 1447933848, increment 0
Sequential: max memory 17179869184, total allocated 3858759680, free 2410825832, used 1447933848, increment 0
Initial loss: 9.228671328660907
Initial test loss: 9.228671328660907
Time since start: 66.112
500: time = 15.262000 loss = 6.410375 testLoss 5.558692
Resulting gain: 2.818295874132181
Projecting...
Writing file /home/goodlookin/Bee-Data-Science-Project/results/top_10_species_maxent_results/Andrena_erigeniae.asc
Time since start: 68.761
Writing /home/goodlookin/Bee-Data-Science-Project/results/top_10_species_maxent_results/plots/Andrena_erigeniae.png
Time since start: 71.152
getSamples: max memory 17179869184, total allocated 3858759680, free 1558383136, used 2300376544, increment 852442696
Making features
makeFeatures: max memory 17179869184, total allocated 3858759680, free 1449318872, used 2409440808, increment 109064264
Apis_mellifera: 
Regularization values: linear/quadratic/product: 0.050, categorical: 0.250, threshold: 1.000, hinge: 0.500
837 samples
Density: max memory 17179869184, total allocated 3858759680, free 1365445152, used 2493314528, increment 83873720
linearPredictor: max memory 17179869184, total allocated 3858759680, free 1365445152, used 2493314528, increment 0
FeaturedSpace: max memory 17179869184, total allocated 3858759680, free 1365445152, used 2493314528, increment 0
Sequential: max memory 17179869184, total allocated 3858759680, free 1365445152, used 2493314528, increment 0
Initial loss: 9.288966692431373
Time since start: 72.2
Initial test loss: 9.288966692431373
Time since start: 90.922
500: time = 18.611000 loss = 7.789302 testLoss 7.388156
Resulting gain: 1.4996650658531525
Projecting...
Writing file /home/goodlookin/Bee-Data-Science-Project/results/top_10_species_maxent_results/Apis_mellifera.asc
Time since start: 93.964
Writing /home/goodlookin/Bee-Data-Science-Project/results/top_10_species_maxent_results/plots/Apis_mellifera.png
Time since start: 97.654
getSamples: max memory 17179869184, total allocated 3858759680, free 1357975176, used 2500784504, increment 7469976
Making features
makeFeatures: max memory 17179869184, total allocated 3858759680, free 1244728968, used 2614030712, increment 113246208
Augochlorella_aurata: 
Regularization values: linear/quadratic/product: 0.050, categorical: 0.250, threshold: 1.000, hinge: 0.500
843 samples
Density: max memory 17179869184, total allocated 3858759680, free 1165037192, used 2693722488, increment 79691776
linearPredictor: max memory 17179869184, total allocated 3858759680, free 1165037192, used 2693722488, increment 0
Time since start: 98.674
FeaturedSpace: max memory 17179869184, total allocated 3858759680, free 1165037192, used 2693722488, increment 0
Sequential: max memory 17179869184, total allocated 3858759680, free 1165037192, used 2693722488, increment 0
Initial loss: 9.289521169850625
Initial test loss: 9.289521169850625
Time since start: 117.808
500: time = 18.375000 loss = 7.672719 testLoss 7.439223
Resulting gain: 1.6168023993145937
Time since start: 119.407
Projecting...
Writing file /home/goodlookin/Bee-Data-Science-Project/results/top_10_species_maxent_results/Augochlorella_aurata.asc
Time since start: 121.673
Writing /home/goodlookin/Bee-Data-Science-Project/results/top_10_species_maxent_results/plots/Augochlorella_aurata.png
Time since start: 125.54
getSamples: max memory 17179869184, total allocated 3858759680, free 1768002608, used 2090757072, increment -602965416
Making features
makeFeatures: max memory 17179869184, total allocated 3858759680, free 1654725920, used 2204033760, increment 113276688
Bombus_impatiens: 
Regularization values: linear/quadratic/product: 0.050, categorical: 0.250, threshold: 1.000, hinge: 0.500
939 samples
Density: max memory 17179869184, total allocated 3858759680, free 1570870320, used 2287889360, increment 83855600
linearPredictor: max memory 17179869184, total allocated 3858759680, free 1570870320, used 2287889360, increment 0
Time since start: 126.547
FeaturedSpace: max memory 17179869184, total allocated 3858759680, free 1570870320, used 2287889360, increment 0
Sequential: max memory 17179869184, total allocated 3858759680, free 1570870320, used 2287889360, increment 0
Initial loss: 9.298625936843543
Initial test loss: 9.298625936843543
Time since start: 144.855
500: time = 18.029000 loss = 7.575658 testLoss 7.283390
Resulting gain: 1.7229683633355908
Projecting...
Writing file /home/goodlookin/Bee-Data-Science-Project/results/top_10_species_maxent_results/Bombus_impatiens.asc
Time since start: 147.906
Writing /home/goodlookin/Bee-Data-Science-Project/results/top_10_species_maxent_results/plots/Bombus_impatiens.png
Time since start: 151.034
getSamples: max memory 17179869184, total allocated 3858759680, free 1560018400, used 2298741280, increment 10851920
Making features
makeFeatures: max memory 17179869184, total allocated 3858759680, free 1453925320, used 2404834360, increment 106093080
Ceratina_calcarata: 
Regularization values: linear/quadratic/product: 0.050, categorical: 0.250, threshold: 1.000, hinge: 0.500
666 samples
Density: max memory 17179869184, total allocated 3858759680, free 1371274720, used 2487484960, increment 82650600
linearPredictor: max memory 17179869184, total allocated 3858759680, free 1371274720, used 2487484960, increment 0
FeaturedSpace: max memory 17179869184, total allocated 3858759680, free 1371274720, used 2487484960, increment 0
Sequential: max memory 17179869184, total allocated 3858759680, free 1371274720, used 2487484960, increment 0
Initial loss: 9.273690687476945
Initial test loss: 9.273690687476945
Time since start: 169.108
500: time = 17.034000 loss = 7.297944 testLoss 7.000689
Resulting gain: 1.9757463955058654
Projecting...
Writing file /home/goodlookin/Bee-Data-Science-Project/results/top_10_species_maxent_results/Ceratina_calcarata.asc
Time since start: 171.836
Writing /home/goodlookin/Bee-Data-Science-Project/results/top_10_species_maxent_results/plots/Ceratina_calcarata.png
Time since start: 174.658
getSamples: max memory 17179869184, total allocated 3858759680, free 1851463416, used 2007296264, increment -480188696
Making features
makeFeatures: max memory 17179869184, total allocated 3858759680, free 1750772576, used 2107987104, increment 100690840
Halictus_tripartitus: 
Regularization values: linear/quadratic/product: 0.119, categorical: 0.250, threshold: 1.240, hinge: 0.500
76 samples
Density: max memory 17179869184, total allocated 3858759680, free 1675302648, used 2183457032, increment 75469928
linearPredictor: max memory 17179869184, total allocated 3858759680, free 1675302648, used 2183457032, increment 0
FeaturedSpace: max memory 17179869184, total allocated 3858759680, free 1675302648, used 2183457032, increment 0
Sequential: max memory 17179869184, total allocated 3858759680, free 1675302648, used 2183457032, increment 0
Initial loss: 9.21761385594268
Initial test loss: 9.21761385594268
Time since start: 188.968
500: time = 13.739000 loss = 5.675481 testLoss 4.903630
Resulting gain: 3.542132961792328
Projecting...
Writing file /home/goodlookin/Bee-Data-Science-Project/results/top_10_species_maxent_results/Halictus_tripartitus.asc
Time since start: 190.915
Writing /home/goodlookin/Bee-Data-Science-Project/results/top_10_species_maxent_results/plots/Halictus_tripartitus.png
Time since start: 193.102
getSamples: max memory 17179869184, total allocated 3858759680, free 1900531952, used 1958227728, increment -225229304
Making features
makeFeatures: max memory 17179869184, total allocated 3858759680, free 1795620832, used 2063138848, increment 104911120
Lasioglossum_pilosum: 
Regularization values: linear/quadratic/product: 0.050, categorical: 0.250, threshold: 1.000, hinge: 0.500
395 samples
Density: max memory 17179869184, total allocated 3858759680, free 1715982576, used 2142777104, increment 79638256
linearPredictor: max memory 17179869184, total allocated 3858759680, free 1715982576, used 2142777104, increment 0
FeaturedSpace: max memory 17179869184, total allocated 3858759680, free 1715982576, used 2142777104, increment 0
Sequential: max memory 17179869184, total allocated 3858759680, free 1715982576, used 2142777104, increment 0
Initial loss: 9.248502833070532
Initial test loss: 9.248502833070532
Time since start: 210.927
500: time = 16.689000 loss = 6.953416 testLoss 6.661337
Resulting gain: 2.295087106087405
Projecting...
Writing file /home/goodlookin/Bee-Data-Science-Project/results/top_10_species_maxent_results/Lasioglossum_pilosum.asc
Time since start: 213.92
Writing /home/goodlookin/Bee-Data-Science-Project/results/top_10_species_maxent_results/plots/Lasioglossum_pilosum.png
Time since start: 217.018
getSamples: max memory 17179869184, total allocated 3858759680, free 668724592, used 3190035088, increment 1047257984
Making features
makeFeatures: max memory 17179869184, total allocated 3858759680, free 563845120, used 3294914560, increment 104879472
Lasioglossum_versatum: 
Regularization values: linear/quadratic/product: 0.050, categorical: 0.250, threshold: 1.000, hinge: 0.500
530 samples
Density: max memory 17179869184, total allocated 3858759680, free 484175216, used 3374584464, increment 79669904
linearPredictor: max memory 17179869184, total allocated 3858759680, free 484175216, used 3374584464, increment 0
FeaturedSpace: max memory 17179869184, total allocated 3858759680, free 484175216, used 3374584464, increment 0
Sequential: max memory 17179869184, total allocated 3858759680, free 484175216, used 3374584464, increment 0
Initial loss: 9.260938424739274
Initial test loss: 9.260938424739274
Time since start: 235.143
500: time = 17.046000 loss = 7.146208 testLoss 6.915646
Resulting gain: 2.1147308801653537
Projecting...
Writing file /home/goodlookin/Bee-Data-Science-Project/results/top_10_species_maxent_results/Lasioglossum_versatum.asc
Time since start: 237.989
Writing /home/goodlookin/Bee-Data-Science-Project/results/top_10_species_maxent_results/plots/Lasioglossum_versatum.png
Time since start: 241.032
Ending
